[0m20:22:08.281353 [debug] [MainThread]: Sending event: {'category': 'dbt', 'action': 'invocation', 'label': 'start', 'context': [<snowplow_tracker.self_describing_json.SelfDescribingJson object at 0x1043e2740>, <snowplow_tracker.self_describing_json.SelfDescribingJson object at 0x105d9bb80>, <snowplow_tracker.self_describing_json.SelfDescribingJson object at 0x105d9b700>]}


============================== 20:22:08.283414 | 0e7ed9f0-f952-486b-b783-fe9d7279bfcb ==============================
[0m20:22:08.283414 [info ] [MainThread]: Running with dbt=1.8.7
[0m20:22:08.283724 [debug] [MainThread]: running dbt with arguments {'printer_width': '80', 'indirect_selection': 'eager', 'write_json': 'True', 'log_cache_events': 'False', 'partial_parse': 'True', 'cache_selected_only': 'False', 'profiles_dir': '/Users/richie/.dbt', 'debug': 'False', 'version_check': 'True', 'log_path': '/Users/richie/Documents/DBT/logs', 'warn_error': 'None', 'fail_fast': 'False', 'use_colors': 'True', 'use_experimental_parser': 'False', 'no_print': 'None', 'quiet': 'False', 'empty': 'False', 'warn_error_options': 'WarnErrorOptions(include=[], exclude=[])', 'introspect': 'True', 'log_format': 'default', 'invocation_command': 'dbt run', 'target_path': 'None', 'static_parser': 'True', 'send_anonymous_usage_stats': 'True'}
[0m20:22:08.718172 [debug] [MainThread]: Sending event: {'category': 'dbt', 'action': 'project_id', 'label': '0e7ed9f0-f952-486b-b783-fe9d7279bfcb', 'context': [<snowplow_tracker.self_describing_json.SelfDescribingJson object at 0x1044679a0>]}
[0m20:22:08.778015 [debug] [MainThread]: Sending event: {'category': 'dbt', 'action': 'adapter_info', 'label': '0e7ed9f0-f952-486b-b783-fe9d7279bfcb', 'context': [<snowplow_tracker.self_describing_json.SelfDescribingJson object at 0x127994310>]}
[0m20:22:08.778478 [info ] [MainThread]: Registered adapter: bigquery=1.8.3
[0m20:22:08.790621 [debug] [MainThread]: checksum: 4af21dafb485259c48497ac86b711ddb1982f3d0f1c0ca4e09356de488b753c0, vars: {}, profile: , target: , version: 1.8.7
[0m20:22:08.829851 [debug] [MainThread]: Partial parsing enabled: 0 files deleted, 0 files added, 0 files changed.
[0m20:22:08.830115 [debug] [MainThread]: Partial parsing enabled, no changes found, skipping parsing
[0m20:22:08.833205 [debug] [MainThread]: Sending event: {'category': 'dbt', 'action': 'load_project', 'label': '0e7ed9f0-f952-486b-b783-fe9d7279bfcb', 'context': [<snowplow_tracker.self_describing_json.SelfDescribingJson object at 0x13464e290>]}
[0m20:22:08.864240 [debug] [MainThread]: Sending event: {'category': 'dbt', 'action': 'resource_counts', 'label': '0e7ed9f0-f952-486b-b783-fe9d7279bfcb', 'context': [<snowplow_tracker.self_describing_json.SelfDescribingJson object at 0x134611db0>]}
[0m20:22:08.864507 [info ] [MainThread]: Found 479 macros
[0m20:22:08.864689 [debug] [MainThread]: Sending event: {'category': 'dbt', 'action': 'runnable_timing', 'label': '0e7ed9f0-f952-486b-b783-fe9d7279bfcb', 'context': [<snowplow_tracker.self_describing_json.SelfDescribingJson object at 0x134612530>]}
[0m20:22:08.865568 [info ] [MainThread]: 
[0m20:22:08.865750 [warn ] [MainThread]: Nothing to do. Try checking your model configs and model specification args
[0m20:22:08.866673 [debug] [MainThread]: Command end result
[0m20:22:08.881858 [debug] [MainThread]: Resource report: {"command_name": "run", "command_success": true, "command_wall_clock_time": 0.6311929, "process_user_time": 1.364034, "process_kernel_time": 2.302279, "process_mem_max_rss": "191397888", "process_in_blocks": "0", "process_out_blocks": "0"}
[0m20:22:08.882255 [debug] [MainThread]: Command `dbt run` succeeded at 20:22:08.882204 after 0.63 seconds
[0m20:22:08.882458 [debug] [MainThread]: Sending event: {'category': 'dbt', 'action': 'invocation', 'label': 'end', 'context': [<snowplow_tracker.self_describing_json.SelfDescribingJson object at 0x1043e2740>, <snowplow_tracker.self_describing_json.SelfDescribingJson object at 0x1051bdde0>, <snowplow_tracker.self_describing_json.SelfDescribingJson object at 0x1342c3cd0>]}
[0m20:22:08.882642 [debug] [MainThread]: Flushing usage events
[0m20:22:18.728111 [debug] [MainThread]: Sending event: {'category': 'dbt', 'action': 'invocation', 'label': 'start', 'context': [<snowplow_tracker.self_describing_json.SelfDescribingJson object at 0x104bc26e0>, <snowplow_tracker.self_describing_json.SelfDescribingJson object at 0x106583b20>, <snowplow_tracker.self_describing_json.SelfDescribingJson object at 0x1065836a0>]}


============================== 20:22:18.730169 | 92bd8327-fc2a-4a12-94bb-8c7dbf3b8c1a ==============================
[0m20:22:18.730169 [info ] [MainThread]: Running with dbt=1.8.7
[0m20:22:18.730481 [debug] [MainThread]: running dbt with arguments {'printer_width': '80', 'indirect_selection': 'eager', 'write_json': 'True', 'log_cache_events': 'False', 'partial_parse': 'True', 'cache_selected_only': 'False', 'warn_error': 'None', 'version_check': 'True', 'debug': 'False', 'log_path': '/Users/richie/Documents/DBT/logs', 'profiles_dir': '/Users/richie/.dbt', 'fail_fast': 'False', 'use_colors': 'True', 'use_experimental_parser': 'False', 'empty': 'False', 'quiet': 'False', 'no_print': 'None', 'warn_error_options': 'WarnErrorOptions(include=[], exclude=[])', 'invocation_command': 'dbt run', 'introspect': 'True', 'log_format': 'default', 'target_path': 'None', 'static_parser': 'True', 'send_anonymous_usage_stats': 'True'}
[0m20:22:19.163943 [debug] [MainThread]: Sending event: {'category': 'dbt', 'action': 'project_id', 'label': '92bd8327-fc2a-4a12-94bb-8c7dbf3b8c1a', 'context': [<snowplow_tracker.self_describing_json.SelfDescribingJson object at 0x104c47370>]}
[0m20:22:19.223636 [debug] [MainThread]: Sending event: {'category': 'dbt', 'action': 'adapter_info', 'label': '92bd8327-fc2a-4a12-94bb-8c7dbf3b8c1a', 'context': [<snowplow_tracker.self_describing_json.SelfDescribingJson object at 0x10622b4c0>]}
[0m20:22:19.224057 [info ] [MainThread]: Registered adapter: bigquery=1.8.3
[0m20:22:19.235435 [debug] [MainThread]: checksum: 4af21dafb485259c48497ac86b711ddb1982f3d0f1c0ca4e09356de488b753c0, vars: {}, profile: , target: , version: 1.8.7
[0m20:22:19.273950 [debug] [MainThread]: Partial parsing enabled: 0 files deleted, 0 files added, 0 files changed.
[0m20:22:19.274204 [debug] [MainThread]: Partial parsing enabled, no changes found, skipping parsing
[0m20:22:19.277217 [debug] [MainThread]: Sending event: {'category': 'dbt', 'action': 'load_project', 'label': '92bd8327-fc2a-4a12-94bb-8c7dbf3b8c1a', 'context': [<snowplow_tracker.self_describing_json.SelfDescribingJson object at 0x123149b70>]}
[0m20:22:19.308069 [debug] [MainThread]: Sending event: {'category': 'dbt', 'action': 'resource_counts', 'label': '92bd8327-fc2a-4a12-94bb-8c7dbf3b8c1a', 'context': [<snowplow_tracker.self_describing_json.SelfDescribingJson object at 0x123105e10>]}
[0m20:22:19.308339 [info ] [MainThread]: Found 479 macros
[0m20:22:19.308522 [debug] [MainThread]: Sending event: {'category': 'dbt', 'action': 'runnable_timing', 'label': '92bd8327-fc2a-4a12-94bb-8c7dbf3b8c1a', 'context': [<snowplow_tracker.self_describing_json.SelfDescribingJson object at 0x123106c50>]}
[0m20:22:19.309504 [info ] [MainThread]: 
[0m20:22:19.309721 [warn ] [MainThread]: Nothing to do. Try checking your model configs and model specification args
[0m20:22:19.310664 [debug] [MainThread]: Command end result
[0m20:22:19.325899 [debug] [MainThread]: Resource report: {"command_name": "run", "command_success": true, "command_wall_clock_time": 0.6284907, "process_user_time": 1.336038, "process_kernel_time": 2.310303, "process_mem_max_rss": "190349312", "process_in_blocks": "0", "process_out_blocks": "0"}
[0m20:22:19.326291 [debug] [MainThread]: Command `dbt run` succeeded at 20:22:19.326241 after 0.63 seconds
[0m20:22:19.326506 [debug] [MainThread]: Sending event: {'category': 'dbt', 'action': 'invocation', 'label': 'end', 'context': [<snowplow_tracker.self_describing_json.SelfDescribingJson object at 0x104bc26e0>, <snowplow_tracker.self_describing_json.SelfDescribingJson object at 0x121f0d510>, <snowplow_tracker.self_describing_json.SelfDescribingJson object at 0x121447760>]}
[0m20:22:19.326696 [debug] [MainThread]: Flushing usage events
[0m20:23:22.431067 [debug] [MainThread]: Sending event: {'category': 'dbt', 'action': 'invocation', 'label': 'start', 'context': [<snowplow_tracker.self_describing_json.SelfDescribingJson object at 0x1026727d0>, <snowplow_tracker.self_describing_json.SelfDescribingJson object at 0x104283be0>, <snowplow_tracker.self_describing_json.SelfDescribingJson object at 0x104283760>]}


============================== 20:23:22.433084 | c31179d1-2ad1-42c6-9a53-d9355dc8c7be ==============================
[0m20:23:22.433084 [info ] [MainThread]: Running with dbt=1.8.7
[0m20:23:22.433404 [debug] [MainThread]: running dbt with arguments {'printer_width': '80', 'indirect_selection': 'eager', 'write_json': 'True', 'log_cache_events': 'False', 'partial_parse': 'True', 'cache_selected_only': 'False', 'warn_error': 'None', 'fail_fast': 'False', 'profiles_dir': '/Users/richie/.dbt', 'log_path': '/Users/richie/Documents/DBT/logs', 'debug': 'False', 'version_check': 'True', 'use_colors': 'True', 'use_experimental_parser': 'False', 'no_print': 'None', 'quiet': 'False', 'empty': 'False', 'warn_error_options': 'WarnErrorOptions(include=[], exclude=[])', 'static_parser': 'True', 'invocation_command': 'dbt run', 'log_format': 'default', 'target_path': 'None', 'introspect': 'True', 'send_anonymous_usage_stats': 'True'}
[0m20:23:22.875807 [debug] [MainThread]: Sending event: {'category': 'dbt', 'action': 'project_id', 'label': 'c31179d1-2ad1-42c6-9a53-d9355dc8c7be', 'context': [<snowplow_tracker.self_describing_json.SelfDescribingJson object at 0x1026f79d0>]}
[0m20:23:22.935945 [debug] [MainThread]: Sending event: {'category': 'dbt', 'action': 'adapter_info', 'label': 'c31179d1-2ad1-42c6-9a53-d9355dc8c7be', 'context': [<snowplow_tracker.self_describing_json.SelfDescribingJson object at 0x103f5aa70>]}
[0m20:23:22.936384 [info ] [MainThread]: Registered adapter: bigquery=1.8.3
[0m20:23:22.947708 [debug] [MainThread]: checksum: 4af21dafb485259c48497ac86b711ddb1982f3d0f1c0ca4e09356de488b753c0, vars: {}, profile: , target: , version: 1.8.7
[0m20:23:22.948623 [info ] [MainThread]: Unable to do partial parsing because saved manifest not found. Starting full parse.
[0m20:23:22.948881 [debug] [MainThread]: Sending event: {'category': 'dbt', 'action': 'partial_parser', 'label': 'c31179d1-2ad1-42c6-9a53-d9355dc8c7be', 'context': [<snowplow_tracker.self_describing_json.SelfDescribingJson object at 0x12f960a30>]}
[0m20:23:23.404387 [debug] [MainThread]: Sending event: {'category': 'dbt', 'action': 'load_project', 'label': 'c31179d1-2ad1-42c6-9a53-d9355dc8c7be', 'context': [<snowplow_tracker.self_describing_json.SelfDescribingJson object at 0x12fa303d0>]}
[0m20:23:23.433857 [debug] [MainThread]: Sending event: {'category': 'dbt', 'action': 'resource_counts', 'label': 'c31179d1-2ad1-42c6-9a53-d9355dc8c7be', 'context': [<snowplow_tracker.self_describing_json.SelfDescribingJson object at 0x12fbefd60>]}
[0m20:23:23.434130 [info ] [MainThread]: Found 479 macros
[0m20:23:23.434305 [debug] [MainThread]: Sending event: {'category': 'dbt', 'action': 'runnable_timing', 'label': 'c31179d1-2ad1-42c6-9a53-d9355dc8c7be', 'context': [<snowplow_tracker.self_describing_json.SelfDescribingJson object at 0x12fbed990>]}
[0m20:23:23.434951 [info ] [MainThread]: 
[0m20:23:23.435134 [warn ] [MainThread]: Nothing to do. Try checking your model configs and model specification args
[0m20:23:23.435382 [debug] [MainThread]: Command end result
[0m20:23:23.450962 [debug] [MainThread]: Resource report: {"command_name": "run", "command_success": true, "command_wall_clock_time": 1.0507723, "process_user_time": 1.70755, "process_kernel_time": 2.394236, "process_mem_max_rss": "194002944", "process_in_blocks": "0", "process_out_blocks": "0"}
[0m20:23:23.451402 [debug] [MainThread]: Command `dbt run` succeeded at 20:23:23.451350 after 1.05 seconds
[0m20:23:23.451621 [debug] [MainThread]: Sending event: {'category': 'dbt', 'action': 'invocation', 'label': 'end', 'context': [<snowplow_tracker.self_describing_json.SelfDescribingJson object at 0x1026727d0>, <snowplow_tracker.self_describing_json.SelfDescribingJson object at 0x12f9640d0>, <snowplow_tracker.self_describing_json.SelfDescribingJson object at 0x1026f79d0>]}
[0m20:23:23.451815 [debug] [MainThread]: Flushing usage events
[0m20:25:51.868938 [debug] [MainThread]: Sending event: {'category': 'dbt', 'action': 'invocation', 'label': 'start', 'context': [<snowplow_tracker.self_describing_json.SelfDescribingJson object at 0x106cf27a0>, <snowplow_tracker.self_describing_json.SelfDescribingJson object at 0x111287d90>, <snowplow_tracker.self_describing_json.SelfDescribingJson object at 0x111287910>]}


============================== 20:25:51.870938 | b2d4e9c1-32fd-44c1-81d6-7061c8cc836a ==============================
[0m20:25:51.870938 [info ] [MainThread]: Running with dbt=1.8.7
[0m20:25:51.871259 [debug] [MainThread]: running dbt with arguments {'printer_width': '80', 'indirect_selection': 'eager', 'write_json': 'True', 'log_cache_events': 'False', 'partial_parse': 'True', 'cache_selected_only': 'False', 'profiles_dir': '/Users/richie/Documents/DBT', 'debug': 'False', 'version_check': 'True', 'log_path': '/Users/richie/Documents/DBT/logs', 'fail_fast': 'False', 'warn_error': 'None', 'use_colors': 'True', 'use_experimental_parser': 'False', 'no_print': 'None', 'quiet': 'False', 'empty': 'False', 'log_format': 'default', 'static_parser': 'True', 'warn_error_options': 'WarnErrorOptions(include=[], exclude=[])', 'invocation_command': 'dbt run', 'target_path': 'None', 'introspect': 'True', 'send_anonymous_usage_stats': 'True'}
[0m20:25:51.873084 [error] [MainThread]: Encountered an error:
Runtime Error
  Could not find profile named 'dbt_core'
[0m20:25:51.873830 [debug] [MainThread]: Resource report: {"command_name": "run", "command_wall_clock_time": 0.037068207, "process_user_time": 0.558677, "process_kernel_time": 0.064787, "process_mem_max_rss": "95879168", "command_success": false, "process_in_blocks": "0", "process_out_blocks": "0"}
[0m20:25:51.874175 [debug] [MainThread]: Command `dbt run` failed at 20:25:51.874124 after 0.04 seconds
[0m20:25:51.874362 [debug] [MainThread]: Sending event: {'category': 'dbt', 'action': 'invocation', 'label': 'end', 'context': [<snowplow_tracker.self_describing_json.SelfDescribingJson object at 0x106cf27a0>, <snowplow_tracker.self_describing_json.SelfDescribingJson object at 0x111287910>, <snowplow_tracker.self_describing_json.SelfDescribingJson object at 0x111286200>]}
[0m20:25:51.874539 [debug] [MainThread]: Flushing usage events
[0m20:39:38.554885 [debug] [MainThread]: Sending event: {'category': 'dbt', 'action': 'invocation', 'label': 'start', 'context': [<snowplow_tracker.self_describing_json.SelfDescribingJson object at 0x104fde830>, <snowplow_tracker.self_describing_json.SelfDescribingJson object at 0x106993b80>, <snowplow_tracker.self_describing_json.SelfDescribingJson object at 0x106993700>]}


============================== 20:39:38.558727 | e5a7d558-6aae-4356-9cc4-d56b44f7e1e0 ==============================
[0m20:39:38.558727 [info ] [MainThread]: Running with dbt=1.8.7
[0m20:39:38.559153 [debug] [MainThread]: running dbt with arguments {'printer_width': '80', 'indirect_selection': 'eager', 'write_json': 'True', 'log_cache_events': 'False', 'partial_parse': 'True', 'cache_selected_only': 'False', 'profiles_dir': '/Users/richie/.dbt', 'version_check': 'True', 'debug': 'False', 'log_path': '/Users/richie/Documents/DBT/logs', 'warn_error': 'None', 'fail_fast': 'False', 'use_colors': 'True', 'use_experimental_parser': 'False', 'no_print': 'None', 'quiet': 'False', 'empty': 'None', 'log_format': 'default', 'introspect': 'True', 'warn_error_options': 'WarnErrorOptions(include=[], exclude=[])', 'static_parser': 'True', 'target_path': 'None', 'invocation_command': 'dbt init', 'send_anonymous_usage_stats': 'True'}
[0m20:39:38.568582 [info ] [MainThread]: Setting up your profile.
[0m20:39:58.741201 [debug] [MainThread]: Resource report: {"command_name": "init", "command_success": true, "command_wall_clock_time": 20.231695, "process_user_time": 0.751126, "process_kernel_time": 0.104897, "process_mem_max_rss": "94732288", "process_in_blocks": "0", "process_out_blocks": "0"}
[0m20:39:58.742011 [debug] [MainThread]: Command `dbt init` succeeded at 20:39:58.741903 after 20.23 seconds
[0m20:39:58.742373 [debug] [MainThread]: Sending event: {'category': 'dbt', 'action': 'invocation', 'label': 'end', 'context': [<snowplow_tracker.self_describing_json.SelfDescribingJson object at 0x104fde830>, <snowplow_tracker.self_describing_json.SelfDescribingJson object at 0x10697e6b0>, <snowplow_tracker.self_describing_json.SelfDescribingJson object at 0x106992ad0>]}
[0m20:39:58.742680 [debug] [MainThread]: Flushing usage events
[0m20:41:07.729435 [debug] [MainThread]: Sending event: {'category': 'dbt', 'action': 'invocation', 'label': 'start', 'context': [<snowplow_tracker.self_describing_json.SelfDescribingJson object at 0x102c4a770>, <snowplow_tracker.self_describing_json.SelfDescribingJson object at 0x10634fb80>, <snowplow_tracker.self_describing_json.SelfDescribingJson object at 0x10634f700>]}


============================== 20:41:07.731971 | 3402494e-15fe-41b4-820c-2a80e3005e6e ==============================
[0m20:41:07.731971 [info ] [MainThread]: Running with dbt=1.8.7
[0m20:41:07.732363 [debug] [MainThread]: running dbt with arguments {'printer_width': '80', 'indirect_selection': 'eager', 'write_json': 'True', 'log_cache_events': 'False', 'partial_parse': 'True', 'cache_selected_only': 'False', 'profiles_dir': '/Users/richie/.dbt', 'version_check': 'True', 'debug': 'False', 'log_path': '/Users/richie/Documents/DBT/logs', 'warn_error': 'None', 'fail_fast': 'False', 'use_colors': 'True', 'use_experimental_parser': 'False', 'no_print': 'None', 'quiet': 'False', 'empty': 'False', 'warn_error_options': 'WarnErrorOptions(include=[], exclude=[])', 'introspect': 'True', 'invocation_command': 'dbt run', 'log_format': 'default', 'target_path': 'None', 'static_parser': 'True', 'send_anonymous_usage_stats': 'True'}
[0m20:41:08.577839 [debug] [MainThread]: Sending event: {'category': 'dbt', 'action': 'project_id', 'label': '3402494e-15fe-41b4-820c-2a80e3005e6e', 'context': [<snowplow_tracker.self_describing_json.SelfDescribingJson object at 0x14d86f040>]}
[0m20:41:08.649822 [debug] [MainThread]: Sending event: {'category': 'dbt', 'action': 'adapter_info', 'label': '3402494e-15fe-41b4-820c-2a80e3005e6e', 'context': [<snowplow_tracker.self_describing_json.SelfDescribingJson object at 0x106133520>]}
[0m20:41:08.650400 [info ] [MainThread]: Registered adapter: bigquery=1.8.3
[0m20:41:08.667380 [debug] [MainThread]: checksum: 4af21dafb485259c48497ac86b711ddb1982f3d0f1c0ca4e09356de488b753c0, vars: {}, profile: , target: , version: 1.8.7
[0m20:41:08.726919 [debug] [MainThread]: Partial parsing enabled: 0 files deleted, 0 files added, 0 files changed.
[0m20:41:08.727241 [debug] [MainThread]: Partial parsing enabled, no changes found, skipping parsing
[0m20:41:08.731082 [debug] [MainThread]: Sending event: {'category': 'dbt', 'action': 'load_project', 'label': '3402494e-15fe-41b4-820c-2a80e3005e6e', 'context': [<snowplow_tracker.self_describing_json.SelfDescribingJson object at 0x14dc4a170>]}
[0m20:41:08.772716 [debug] [MainThread]: Sending event: {'category': 'dbt', 'action': 'resource_counts', 'label': '3402494e-15fe-41b4-820c-2a80e3005e6e', 'context': [<snowplow_tracker.self_describing_json.SelfDescribingJson object at 0x14dc0e800>]}
[0m20:41:08.773046 [info ] [MainThread]: Found 479 macros
[0m20:41:08.773276 [debug] [MainThread]: Sending event: {'category': 'dbt', 'action': 'runnable_timing', 'label': '3402494e-15fe-41b4-820c-2a80e3005e6e', 'context': [<snowplow_tracker.self_describing_json.SelfDescribingJson object at 0x14dc0e2c0>]}
[0m20:41:08.774355 [info ] [MainThread]: 
[0m20:41:08.774581 [warn ] [MainThread]: Nothing to do. Try checking your model configs and model specification args
[0m20:41:08.775733 [debug] [MainThread]: Command end result
[0m20:41:08.794474 [debug] [MainThread]: Resource report: {"command_name": "run", "command_success": true, "command_wall_clock_time": 1.1062167, "process_user_time": 1.806342, "process_kernel_time": 2.320311, "process_mem_max_rss": "193282048", "process_in_blocks": "0", "process_out_blocks": "0"}
[0m20:41:08.795007 [debug] [MainThread]: Command `dbt run` succeeded at 20:41:08.794942 after 1.11 seconds
[0m20:41:08.795289 [debug] [MainThread]: Sending event: {'category': 'dbt', 'action': 'invocation', 'label': 'end', 'context': [<snowplow_tracker.self_describing_json.SelfDescribingJson object at 0x102c4a770>, <snowplow_tracker.self_describing_json.SelfDescribingJson object at 0x106133520>, <snowplow_tracker.self_describing_json.SelfDescribingJson object at 0x14d7fbf40>]}
[0m20:41:08.795531 [debug] [MainThread]: Flushing usage events
[0m20:41:20.780738 [debug] [MainThread]: Sending event: {'category': 'dbt', 'action': 'invocation', 'label': 'start', 'context': [<snowplow_tracker.self_describing_json.SelfDescribingJson object at 0x106c827d0>, <snowplow_tracker.self_describing_json.SelfDescribingJson object at 0x112f4bb50>, <snowplow_tracker.self_describing_json.SelfDescribingJson object at 0x112f4b6d0>]}


============================== 20:41:20.783831 | bc78e37d-1341-4d21-aa03-403961ab04d3 ==============================
[0m20:41:20.783831 [info ] [MainThread]: Running with dbt=1.8.7
[0m20:41:20.784313 [debug] [MainThread]: running dbt with arguments {'printer_width': '80', 'indirect_selection': 'eager', 'log_cache_events': 'False', 'write_json': 'True', 'partial_parse': 'True', 'cache_selected_only': 'False', 'profiles_dir': '/Users/richie/.dbt', 'debug': 'False', 'warn_error': 'None', 'log_path': '/Users/richie/Documents/DBT/logs', 'version_check': 'True', 'fail_fast': 'False', 'use_colors': 'True', 'use_experimental_parser': 'False', 'empty': 'False', 'quiet': 'False', 'no_print': 'None', 'warn_error_options': 'WarnErrorOptions(include=[], exclude=[])', 'invocation_command': 'dbt run', 'static_parser': 'True', 'introspect': 'True', 'target_path': 'None', 'log_format': 'default', 'send_anonymous_usage_stats': 'True'}
[0m20:41:21.369152 [debug] [MainThread]: Sending event: {'category': 'dbt', 'action': 'project_id', 'label': 'bc78e37d-1341-4d21-aa03-403961ab04d3', 'context': [<snowplow_tracker.self_describing_json.SelfDescribingJson object at 0x106e1f9d0>]}
[0m20:41:21.442566 [debug] [MainThread]: Sending event: {'category': 'dbt', 'action': 'adapter_info', 'label': 'bc78e37d-1341-4d21-aa03-403961ab04d3', 'context': [<snowplow_tracker.self_describing_json.SelfDescribingJson object at 0x16bfa4f70>]}
[0m20:41:21.443083 [info ] [MainThread]: Registered adapter: bigquery=1.8.3
[0m20:41:21.457650 [debug] [MainThread]: checksum: 4af21dafb485259c48497ac86b711ddb1982f3d0f1c0ca4e09356de488b753c0, vars: {}, profile: , target: , version: 1.8.7
[0m20:41:21.505290 [debug] [MainThread]: Partial parsing enabled: 0 files deleted, 0 files added, 0 files changed.
[0m20:41:21.505592 [debug] [MainThread]: Partial parsing enabled, no changes found, skipping parsing
[0m20:41:21.509413 [debug] [MainThread]: Sending event: {'category': 'dbt', 'action': 'load_project', 'label': 'bc78e37d-1341-4d21-aa03-403961ab04d3', 'context': [<snowplow_tracker.self_describing_json.SelfDescribingJson object at 0x16b94a0b0>]}
[0m20:41:21.549484 [debug] [MainThread]: Sending event: {'category': 'dbt', 'action': 'resource_counts', 'label': 'bc78e37d-1341-4d21-aa03-403961ab04d3', 'context': [<snowplow_tracker.self_describing_json.SelfDescribingJson object at 0x16b913130>]}
[0m20:41:21.549829 [info ] [MainThread]: Found 479 macros
[0m20:41:21.550064 [debug] [MainThread]: Sending event: {'category': 'dbt', 'action': 'runnable_timing', 'label': 'bc78e37d-1341-4d21-aa03-403961ab04d3', 'context': [<snowplow_tracker.self_describing_json.SelfDescribingJson object at 0x16b912350>]}
[0m20:41:21.551176 [info ] [MainThread]: 
[0m20:41:21.551405 [warn ] [MainThread]: Nothing to do. Try checking your model configs and model specification args
[0m20:41:21.552565 [debug] [MainThread]: Command end result
[0m20:41:21.572046 [debug] [MainThread]: Resource report: {"command_name": "run", "command_success": true, "command_wall_clock_time": 0.8364112, "process_user_time": 1.738457, "process_kernel_time": 2.011059, "process_mem_max_rss": "191725568", "process_in_blocks": "0", "process_out_blocks": "0"}
[0m20:41:21.572597 [debug] [MainThread]: Command `dbt run` succeeded at 20:41:21.572528 after 0.84 seconds
[0m20:41:21.572883 [debug] [MainThread]: Sending event: {'category': 'dbt', 'action': 'invocation', 'label': 'end', 'context': [<snowplow_tracker.self_describing_json.SelfDescribingJson object at 0x106c827d0>, <snowplow_tracker.self_describing_json.SelfDescribingJson object at 0x106e1f9d0>, <snowplow_tracker.self_describing_json.SelfDescribingJson object at 0x16c8fca60>]}
[0m20:41:21.573130 [debug] [MainThread]: Flushing usage events
[0m20:36:44.805545 [debug] [MainThread]: Sending event: {'category': 'dbt', 'action': 'invocation', 'label': 'start', 'context': [<snowplow_tracker.self_describing_json.SelfDescribingJson object at 0x105565630>, <snowplow_tracker.self_describing_json.SelfDescribingJson object at 0x1063f3850>, <snowplow_tracker.self_describing_json.SelfDescribingJson object at 0x1063f3400>]}


============================== 20:36:44.808817 | 2a8ab796-0a44-43ee-b7ab-d50a801d5f90 ==============================
[0m20:36:44.808817 [info ] [MainThread]: Running with dbt=1.9.0-b4
[0m20:36:44.809222 [debug] [MainThread]: running dbt with arguments {'printer_width': '80', 'indirect_selection': 'eager', 'write_json': 'True', 'log_cache_events': 'False', 'partial_parse': 'True', 'cache_selected_only': 'False', 'profiles_dir': '/Users/richie/Documents/DBT', 'debug': 'False', 'fail_fast': 'False', 'log_path': '/Users/richie/Documents/DBT/logs', 'warn_error': 'None', 'version_check': 'True', 'use_colors': 'True', 'use_experimental_parser': 'False', 'empty': 'None', 'quiet': 'False', 'no_print': 'None', 'warn_error_options': 'WarnErrorOptions(include=[], exclude=[])', 'invocation_command': 'dbt init', 'static_parser': 'True', 'log_format': 'default', 'target_path': 'None', 'introspect': 'True', 'send_anonymous_usage_stats': 'True'}
[0m20:36:44.818898 [info ] [MainThread]: Setting up your profile.
[0m20:39:45.932933 [info ] [MainThread]: Profile dbt_core written to /Users/richie/Documents/DBT/profiles.yml using target's profile_template.yml and your supplied values. Run 'dbt debug' to validate the connection.
[0m20:39:45.971514 [debug] [MainThread]: Resource report: {"command_name": "init", "command_success": true, "command_wall_clock_time": 181.21405, "process_user_time": 1.281499, "process_kernel_time": 0.301176, "process_mem_max_rss": "183205888", "process_in_blocks": "0", "process_out_blocks": "0"}
[0m20:39:45.972393 [debug] [MainThread]: Command `dbt init` succeeded at 20:39:45.972282 after 181.22 seconds
[0m20:39:45.972828 [debug] [MainThread]: Sending event: {'category': 'dbt', 'action': 'invocation', 'label': 'end', 'context': [<snowplow_tracker.self_describing_json.SelfDescribingJson object at 0x105565630>, <snowplow_tracker.self_describing_json.SelfDescribingJson object at 0x10bf94700>, <snowplow_tracker.self_describing_json.SelfDescribingJson object at 0x1063f1990>]}
[0m20:39:45.973252 [debug] [MainThread]: Flushing usage events
[0m20:39:46.153580 [debug] [MainThread]: An error was encountered while trying to flush usage events
[0m20:41:56.514161 [debug] [MainThread]: Sending event: {'category': 'dbt', 'action': 'invocation', 'label': 'start', 'context': [<snowplow_tracker.self_describing_json.SelfDescribingJson object at 0x12061d5a0>, <snowplow_tracker.self_describing_json.SelfDescribingJson object at 0x12206f7f0>, <snowplow_tracker.self_describing_json.SelfDescribingJson object at 0x12206f3a0>]}


============================== 20:41:56.517646 | cf3f2ab8-f058-4ae9-831a-5e929b852299 ==============================
[0m20:41:56.517646 [info ] [MainThread]: Running with dbt=1.9.0-b4
[0m20:41:56.518057 [debug] [MainThread]: running dbt with arguments {'printer_width': '80', 'indirect_selection': 'eager', 'write_json': 'True', 'log_cache_events': 'False', 'partial_parse': 'True', 'cache_selected_only': 'False', 'warn_error': 'None', 'version_check': 'True', 'fail_fast': 'False', 'log_path': '/Users/richie/Documents/DBT/logs', 'debug': 'False', 'profiles_dir': '/Users/richie/Documents/DBT', 'use_colors': 'True', 'use_experimental_parser': 'False', 'no_print': 'None', 'quiet': 'False', 'empty': 'None', 'warn_error_options': 'WarnErrorOptions(include=[], exclude=[])', 'introspect': 'True', 'invocation_command': 'dbt debug', 'static_parser': 'True', 'target_path': 'None', 'log_format': 'default', 'send_anonymous_usage_stats': 'True'}
[0m20:41:56.526936 [info ] [MainThread]: dbt version: 1.9.0-b4
[0m20:41:56.527239 [info ] [MainThread]: python version: 3.10.0
[0m20:41:56.527436 [info ] [MainThread]: python path: /Users/richie/Documents/DBT/venv-dbt/bin/python
[0m20:41:56.527615 [info ] [MainThread]: os info: macOS-14.5-arm64-arm-64bit
[0m20:41:57.240968 [info ] [MainThread]: Using profiles dir at /Users/richie/Documents/DBT
[0m20:41:57.241310 [info ] [MainThread]: Using profiles.yml file at /Users/richie/Documents/DBT/profiles.yml
[0m20:41:57.241509 [info ] [MainThread]: Using dbt_project.yml file at /Users/richie/Documents/DBT/dbt_project.yml
[0m20:41:57.241698 [info ] [MainThread]: adapter type: bigquery
[0m20:41:57.241871 [info ] [MainThread]: adapter version: 1.8.3
[0m20:41:57.300518 [info ] [MainThread]: Configuration:
[0m20:41:57.300932 [info ] [MainThread]:   profiles.yml file [[32mOK found and valid[0m]
[0m20:41:57.301156 [info ] [MainThread]:   dbt_project.yml file [[32mOK found and valid[0m]
[0m20:41:57.301357 [info ] [MainThread]: Required dependencies:
[0m20:41:57.301634 [debug] [MainThread]: Executing "git --help"
[0m20:41:57.323634 [debug] [MainThread]: STDOUT: "b"usage: git [-v | --version] [-h | --help] [-C <path>] [-c <name>=<value>]\n           [--exec-path[=<path>]] [--html-path] [--man-path] [--info-path]\n           [-p | --paginate | -P | --no-pager] [--no-replace-objects] [--bare]\n           [--git-dir=<path>] [--work-tree=<path>] [--namespace=<name>]\n           [--super-prefix=<path>] [--config-env=<name>=<envvar>]\n           <command> [<args>]\n\nThese are common Git commands used in various situations:\n\nstart a working area (see also: git help tutorial)\n   clone     Clone a repository into a new directory\n   init      Create an empty Git repository or reinitialize an existing one\n\nwork on the current change (see also: git help everyday)\n   add       Add file contents to the index\n   mv        Move or rename a file, a directory, or a symlink\n   restore   Restore working tree files\n   rm        Remove files from the working tree and from the index\n\nexamine the history and state (see also: git help revisions)\n   bisect    Use binary search to find the commit that introduced a bug\n   diff      Show changes between commits, commit and working tree, etc\n   grep      Print lines matching a pattern\n   log       Show commit logs\n   show      Show various types of objects\n   status    Show the working tree status\n\ngrow, mark and tweak your common history\n   branch    List, create, or delete branches\n   commit    Record changes to the repository\n   merge     Join two or more development histories together\n   rebase    Reapply commits on top of another base tip\n   reset     Reset current HEAD to the specified state\n   switch    Switch branches\n   tag       Create, list, delete or verify a tag object signed with GPG\n\ncollaborate (see also: git help workflows)\n   fetch     Download objects and refs from another repository\n   pull      Fetch from and integrate with another repository or a local branch\n   push      Update remote refs along with associated objects\n\n'git help -a' and 'git help -g' list available subcommands and some\nconcept guides. See 'git help <command>' or 'git help <concept>'\nto read about a specific subcommand or concept.\nSee 'git help git' for an overview of the system.\n""
[0m20:41:57.324420 [debug] [MainThread]: STDERR: "b''"
[0m20:41:57.324665 [info ] [MainThread]:  - git [[32mOK found[0m]

[0m20:41:57.324903 [info ] [MainThread]: Connection:
[0m20:41:57.325162 [info ] [MainThread]:   method: oauth
[0m20:41:57.325336 [info ] [MainThread]:   database: aritzia-440802
[0m20:41:57.325504 [info ] [MainThread]:   execution_project: aritzia-440802
[0m20:41:57.325667 [info ] [MainThread]:   schema: pkg_mart
[0m20:41:57.325834 [info ] [MainThread]:   location: US
[0m20:41:57.325992 [info ] [MainThread]:   priority: interactive
[0m20:41:57.326187 [info ] [MainThread]:   maximum_bytes_billed: None
[0m20:41:57.326349 [info ] [MainThread]:   impersonate_service_account: None
[0m20:41:57.326512 [info ] [MainThread]:   job_retry_deadline_seconds: None
[0m20:41:57.326671 [info ] [MainThread]:   job_retries: 1
[0m20:41:57.326827 [info ] [MainThread]:   job_creation_timeout_seconds: None
[0m20:41:57.326984 [info ] [MainThread]:   job_execution_timeout_seconds: 300
[0m20:41:57.327142 [info ] [MainThread]:   timeout_seconds: 300
[0m20:41:57.327297 [info ] [MainThread]:   client_id: None
[0m20:41:57.327452 [info ] [MainThread]:   token_uri: None
[0m20:41:57.327612 [info ] [MainThread]:   dataproc_region: None
[0m20:41:57.327764 [info ] [MainThread]:   dataproc_cluster_name: None
[0m20:41:57.327921 [info ] [MainThread]:   gcs_bucket: None
[0m20:41:57.328074 [info ] [MainThread]:   dataproc_batch: None
[0m20:41:57.328658 [info ] [MainThread]: Registered adapter: bigquery=1.8.3
[0m20:41:57.366872 [debug] [MainThread]: Acquiring new bigquery connection 'debug'
[0m20:41:57.367854 [debug] [MainThread]: Opening a new connection, currently in state init
[0m20:41:57.374615 [debug] [MainThread]: On debug: select 1 as id
[0m20:41:58.009484 [debug] [MainThread]: BigQuery adapter: https://console.cloud.google.com/bigquery?project=aritzia-440802&j=bq:US:1a456620-78ca-4a83-aa73-3b8cbfa72861&page=queryresults
[0m20:41:58.392889 [info ] [MainThread]:   Connection test: [[32mOK connection ok[0m]

[0m20:41:58.394073 [info ] [MainThread]: [32mAll checks passed![0m
[0m20:41:58.398881 [debug] [MainThread]: Resource report: {"command_name": "debug", "command_success": true, "command_wall_clock_time": 1.9303936, "process_user_time": 1.250539, "process_kernel_time": 0.254421, "process_mem_max_rss": "185352192", "process_in_blocks": "0", "process_out_blocks": "0"}
[0m20:41:58.399734 [debug] [MainThread]: Command `dbt debug` succeeded at 20:41:58.399589 after 1.93 seconds
[0m20:41:58.400211 [debug] [MainThread]: Connection 'debug' was properly closed.
[0m20:41:58.400615 [debug] [MainThread]: Sending event: {'category': 'dbt', 'action': 'invocation', 'label': 'end', 'context': [<snowplow_tracker.self_describing_json.SelfDescribingJson object at 0x12061d5a0>, <snowplow_tracker.self_describing_json.SelfDescribingJson object at 0x122002110>, <snowplow_tracker.self_describing_json.SelfDescribingJson object at 0x13e785c60>]}
[0m20:41:58.401085 [debug] [MainThread]: Flushing usage events
[0m20:41:58.532946 [debug] [MainThread]: An error was encountered while trying to flush usage events
[0m21:06:00.239748 [debug] [MainThread]: Sending event: {'category': 'dbt', 'action': 'invocation', 'label': 'start', 'context': [<snowplow_tracker.self_describing_json.SelfDescribingJson object at 0x1030715d0>, <snowplow_tracker.self_describing_json.SelfDescribingJson object at 0x103ebb9d0>, <snowplow_tracker.self_describing_json.SelfDescribingJson object at 0x103ebb580>]}


============================== 21:06:00.243643 | f70a1045-e043-4f68-817b-aaacdfad36f4 ==============================
[0m21:06:00.243643 [info ] [MainThread]: Running with dbt=1.9.0-b4
[0m21:06:00.244124 [debug] [MainThread]: running dbt with arguments {'printer_width': '80', 'indirect_selection': 'eager', 'log_cache_events': 'False', 'write_json': 'True', 'partial_parse': 'True', 'cache_selected_only': 'False', 'profiles_dir': '/Users/richie/.dbt', 'debug': 'False', 'version_check': 'True', 'log_path': '/Users/richie/Documents/DBT/logs', 'warn_error': 'None', 'fail_fast': 'False', 'use_colors': 'True', 'use_experimental_parser': 'False', 'no_print': 'None', 'quiet': 'False', 'empty': 'False', 'warn_error_options': 'WarnErrorOptions(include=[], exclude=[])', 'invocation_command': 'dbt run', 'static_parser': 'True', 'introspect': 'True', 'target_path': 'None', 'log_format': 'default', 'send_anonymous_usage_stats': 'True'}
[0m21:06:01.000326 [debug] [MainThread]: Sending event: {'category': 'dbt', 'action': 'project_id', 'label': 'f70a1045-e043-4f68-817b-aaacdfad36f4', 'context': [<snowplow_tracker.self_describing_json.SelfDescribingJson object at 0x10213c130>]}
[0m21:06:01.035984 [debug] [MainThread]: Sending event: {'category': 'dbt', 'action': 'adapter_info', 'label': 'f70a1045-e043-4f68-817b-aaacdfad36f4', 'context': [<snowplow_tracker.self_describing_json.SelfDescribingJson object at 0x1365207c0>]}
[0m21:06:01.036457 [info ] [MainThread]: Registered adapter: bigquery=1.8.3
[0m21:06:01.052328 [debug] [MainThread]: checksum: 0d3acddb5afbce98f9888b13248063cae3d09e6e329263e3ffe4b2a6aa072c8d, vars: {}, profile: , target: , version: 1.9.0b4
[0m21:06:01.083267 [info ] [MainThread]: Unable to do partial parsing because of a version mismatch
[0m21:06:01.083665 [debug] [MainThread]: Sending event: {'category': 'dbt', 'action': 'partial_parser', 'label': 'f70a1045-e043-4f68-817b-aaacdfad36f4', 'context': [<snowplow_tracker.self_describing_json.SelfDescribingJson object at 0x10386cfa0>]}
[0m21:06:01.623202 [debug] [MainThread]: Sending event: {'category': 'dbt', 'action': 'load_project', 'label': 'f70a1045-e043-4f68-817b-aaacdfad36f4', 'context': [<snowplow_tracker.self_describing_json.SelfDescribingJson object at 0x1370633a0>]}
[0m21:06:01.652805 [debug] [MainThread]: Wrote artifact WritableManifest to /Users/richie/Documents/DBT/target/manifest.json
[0m21:06:01.655351 [debug] [MainThread]: Wrote artifact SemanticManifest to /Users/richie/Documents/DBT/target/semantic_manifest.json
[0m21:06:01.666391 [debug] [MainThread]: Sending event: {'category': 'dbt', 'action': 'resource_counts', 'label': 'f70a1045-e043-4f68-817b-aaacdfad36f4', 'context': [<snowplow_tracker.self_describing_json.SelfDescribingJson object at 0x137033af0>]}
[0m21:06:01.666717 [info ] [MainThread]: Found 484 macros
[0m21:06:01.666935 [debug] [MainThread]: Sending event: {'category': 'dbt', 'action': 'runnable_timing', 'label': 'f70a1045-e043-4f68-817b-aaacdfad36f4', 'context': [<snowplow_tracker.self_describing_json.SelfDescribingJson object at 0x137031f90>]}
[0m21:06:01.667705 [warn ] [MainThread]: Nothing to do. Try checking your model configs and model specification args
[0m21:06:01.668036 [debug] [MainThread]: Command end result
[0m21:06:01.683416 [debug] [MainThread]: Wrote artifact WritableManifest to /Users/richie/Documents/DBT/target/manifest.json
[0m21:06:01.684488 [debug] [MainThread]: Wrote artifact SemanticManifest to /Users/richie/Documents/DBT/target/semantic_manifest.json
[0m21:06:01.686785 [debug] [MainThread]: Wrote artifact RunExecutionResult to /Users/richie/Documents/DBT/target/run_results.json
[0m21:06:01.688783 [debug] [MainThread]: Resource report: {"command_name": "run", "command_success": true, "command_wall_clock_time": 1.4969094, "process_user_time": 1.863096, "process_kernel_time": 0.257091, "process_mem_max_rss": "192200704", "process_in_blocks": "0", "process_out_blocks": "0"}
[0m21:06:01.689184 [debug] [MainThread]: Command `dbt run` succeeded at 21:06:01.689127 after 1.50 seconds
[0m21:06:01.689454 [debug] [MainThread]: Sending event: {'category': 'dbt', 'action': 'invocation', 'label': 'end', 'context': [<snowplow_tracker.self_describing_json.SelfDescribingJson object at 0x1030715d0>, <snowplow_tracker.self_describing_json.SelfDescribingJson object at 0x136523430>, <snowplow_tracker.self_describing_json.SelfDescribingJson object at 0x10314d630>]}
[0m21:06:01.689694 [debug] [MainThread]: Flushing usage events
[0m21:06:01.836747 [debug] [MainThread]: An error was encountered while trying to flush usage events
